<?xml version="1.0" encoding="UTF-8"?>
<testng-results ignored="0" total="2" passed="2" failed="0" skipped="0">
  <reporter-output>
  </reporter-output>
  <suite started-at="2022-07-13T02:18:10Z" name="Default suite" finished-at="2022-07-13T02:18:10Z" duration-ms="25">
    <groups>
    </groups>
    <test started-at="2022-07-13T02:18:10Z" name="Default test" finished-at="2022-07-13T02:18:10Z" duration-ms="25">
      <class name="AnnotationsConcept">
        <test-method is-config="true" signature="DBConnection()[pri:0, instance:AnnotationsConcept@757acd7b]" started-at="2022-07-13T02:18:10Z" name="DBConnection" finished-at="2022-07-13T02:18:10Z" duration-ms="9" status="PASS">
          <reporter-output>
          </reporter-output>
        </test-method> <!-- DBConnection -->
        <test-method is-config="true" signature="createUser()[pri:0, instance:AnnotationsConcept@757acd7b]" started-at="2022-07-13T02:18:10Z" name="createUser" finished-at="2022-07-13T02:18:10Z" duration-ms="0" status="PASS">
          <reporter-output>
          </reporter-output>
        </test-method> <!-- createUser -->
        <test-method is-config="true" signature="launchBrowser()[pri:0, instance:AnnotationsConcept@757acd7b]" started-at="2022-07-13T02:18:10Z" name="launchBrowser" finished-at="2022-07-13T02:18:10Z" duration-ms="0" status="PASS">
          <reporter-output>
          </reporter-output>
        </test-method> <!-- launchBrowser -->
        <test-method is-config="true" signature="loginToApp()[pri:0, instance:AnnotationsConcept@757acd7b]" started-at="2022-07-13T02:18:10Z" name="loginToApp" finished-at="2022-07-13T02:18:10Z" duration-ms="1" status="PASS">
          <reporter-output>
          </reporter-output>
        </test-method> <!-- loginToApp -->
        <test-method signature="accountInfoTest()[pri:0, instance:AnnotationsConcept@757acd7b]" started-at="2022-07-13T02:18:10Z" name="accountInfoTest" finished-at="2022-07-13T02:18:10Z" duration-ms="4" status="PASS">
          <reporter-output>
          </reporter-output>
        </test-method> <!-- accountInfoTest -->
        <test-method is-config="true" signature="logout()[pri:0, instance:AnnotationsConcept@757acd7b]" started-at="2022-07-13T02:18:10Z" name="logout" finished-at="2022-07-13T02:18:10Z" duration-ms="0" status="PASS">
          <reporter-output>
          </reporter-output>
        </test-method> <!-- logout -->
        <test-method is-config="true" signature="loginToApp()[pri:0, instance:AnnotationsConcept@757acd7b]" started-at="2022-07-13T02:18:10Z" name="loginToApp" finished-at="2022-07-13T02:18:10Z" duration-ms="0" status="PASS">
          <reporter-output>
          </reporter-output>
        </test-method> <!-- loginToApp -->
        <test-method signature="userInfoTest()[pri:0, instance:AnnotationsConcept@757acd7b]" started-at="2022-07-13T02:18:10Z" name="userInfoTest" finished-at="2022-07-13T02:18:10Z" duration-ms="1" status="PASS">
          <reporter-output>
          </reporter-output>
        </test-method> <!-- userInfoTest -->
        <test-method is-config="true" signature="closeBrowser()[pri:0, instance:AnnotationsConcept@757acd7b]" started-at="2022-07-13T02:18:10Z" name="closeBrowser" finished-at="2022-07-13T02:18:10Z" duration-ms="0" status="PASS">
          <reporter-output>
          </reporter-output>
        </test-method> <!-- closeBrowser -->
        <test-method is-config="true" signature="logout()[pri:0, instance:AnnotationsConcept@757acd7b]" started-at="2022-07-13T02:18:10Z" name="logout" finished-at="2022-07-13T02:18:10Z" duration-ms="0" status="PASS">
          <reporter-output>
          </reporter-output>
        </test-method> <!-- logout -->
        <test-method is-config="true" signature="deleteUser()[pri:0, instance:AnnotationsConcept@757acd7b]" started-at="2022-07-13T02:18:10Z" name="deleteUser" finished-at="2022-07-13T02:18:10Z" duration-ms="1" status="PASS">
          <reporter-output>
          </reporter-output>
        </test-method> <!-- deleteUser -->
        <test-method is-config="true" signature="disconnectDB()[pri:0, instance:AnnotationsConcept@757acd7b]" started-at="2022-07-13T02:18:10Z" name="disconnectDB" finished-at="2022-07-13T02:18:10Z" duration-ms="0" status="PASS">
          <reporter-output>
          </reporter-output>
        </test-method> <!-- disconnectDB -->
      </class> <!-- AnnotationsConcept -->
    </test> <!-- Default test -->
  </suite> <!-- Default suite -->
</testng-results>
